1 
1 8 
1 8 6 
1 8 6 2 
1 8 6 2 20 
1 8 6 2 20 15 
1 8 6 2 20 5 
1 8 6 2 20 5 16 
1 8 6 2 20 5 16 4 
1 8 6 2 20 5 16 3 
1 8 6 2 20 5 16 3 17 
1 8 6 2 20 5 16 3 17 18 
1 8 6 2 20 5 16 3 17 18 11 
1 8 6 2 20 5 16 3 17 18 11 19 
1 8 6 2 20 5 16 3 17 18 11 19 12 
1 8 6 2 20 5 16 3 17 18 11 19 12 9 
1 8 6 2 20 5 16 3 17 18 11 19 12 0 
1 8 6 2 20 5 16 3 17 18 11 19 0 
1 8 6 2 20 5 16 3 17 18 11 19 0 12 
1 8 6 2 20 5 16 3 17 18 11 19 0 12 9 
1 8 6 2 20 5 16 3 17 18 11 14 
1 8 6 2 20 5 16 3 17 18 11 14 7 
1 8 6 2 20 5 16 3 17 18 11 14 7 10 
1 8 6 2 20 5 16 3 17 18 11 14 7 10 13 
1 8 6 2 20 5 16 3 14 
1 8 6 2 20 5 16 3 14 7 
1 8 6 2 20 5 16 3 14 7 10 
1 8 6 2 20 5 16 3 14 7 10 13 
1 8 6 2 20 5 16 3 14 11 
1 8 6 2 20 5 16 3 14 11 19 
1 8 6 2 20 5 16 3 14 11 19 12 
1 8 6 2 20 5 16 3 14 11 19 12 9 
1 8 6 2 20 5 16 3 14 11 19 12 0 
1 8 6 2 20 5 16 3 14 11 19 0 
1 8 6 2 20 5 16 3 14 11 19 0 12 
1 8 6 2 20 5 16 3 14 11 19 0 12 9 
1 8 6 2 20 5 16 3 14 11 18 
1 8 6 2 20 5 16 3 14 11 18 17 
1 8 6 2 20 5 4 
1 8 6 2 20 5 4 16 
1 8 6 2 20 5 4 16 3 
1 8 6 2 20 5 4 16 3 17 
1 8 6 2 20 5 4 16 3 17 18 
1 8 6 2 20 5 4 16 3 17 18 11 
1 8 6 2 20 5 4 16 3 17 18 11 19 
1 8 6 2 20 5 4 16 3 17 18 11 19 12 
1 8 6 2 20 5 4 16 3 17 18 11 19 12 9 
1 8 6 2 20 5 4 16 3 17 18 11 19 12 0 
1 8 6 2 20 5 4 16 3 17 18 11 19 0 
1 8 6 2 20 5 4 16 3 17 18 11 19 0 12 
1 8 6 2 20 5 4 16 3 17 18 11 19 0 12 9 
1 8 6 2 20 5 4 16 3 17 18 11 14 
1 8 6 2 20 5 4 16 3 17 18 11 14 7 
1 8 6 2 20 5 4 16 3 17 18 11 14 7 10 
1 8 6 2 20 5 4 16 3 17 18 11 14 7 10 13 
1 8 6 2 20 5 4 16 3 14 
1 8 6 2 20 5 4 16 3 14 7 
1 8 6 2 20 5 4 16 3 14 7 10 
1 8 6 2 20 5 4 16 3 14 7 10 13 
1 8 6 2 20 5 4 16 3 14 11 
1 8 6 2 20 5 4 16 3 14 11 19 
1 8 6 2 20 5 4 16 3 14 11 19 12 
1 8 6 2 20 5 4 16 3 14 11 19 12 9 
1 8 6 2 20 5 4 16 3 14 11 19 12 0 
1 8 6 2 20 5 4 16 3 14 11 19 0 
1 8 6 2 20 5 4 16 3 14 11 19 0 12 
1 8 6 2 20 5 4 16 3 14 11 19 0 12 9 
1 8 6 2 20 5 4 16 3 14 11 18 
1 8 6 2 20 5 4 16 3 14 11 18 17 
1 8 6 2 5 
1 8 6 2 5 16 
1 8 6 2 5 16 4 
1 8 6 2 5 16 3 
1 8 6 2 5 16 3 17 
1 8 6 2 5 16 3 17 18 
1 8 6 2 5 16 3 17 18 11 
1 8 6 2 5 16 3 17 18 11 19 
1 8 6 2 5 16 3 17 18 11 19 12 
1 8 6 2 5 16 3 17 18 11 19 12 9 
1 8 6 2 5 16 3 17 18 11 19 12 0 
1 8 6 2 5 16 3 17 18 11 19 0 
1 8 6 2 5 16 3 17 18 11 19 0 12 
1 8 6 2 5 16 3 17 18 11 19 0 12 9 
1 8 6 2 5 16 3 17 18 11 14 
1 8 6 2 5 16 3 17 18 11 14 7 
1 8 6 2 5 16 3 17 18 11 14 7 10 
1 8 6 2 5 16 3 17 18 11 14 7 10 13 
1 8 6 2 5 16 3 14 
1 8 6 2 5 16 3 14 7 
1 8 6 2 5 16 3 14 7 10 
1 8 6 2 5 16 3 14 7 10 13 
1 8 6 2 5 16 3 14 11 
1 8 6 2 5 16 3 14 11 19 
1 8 6 2 5 16 3 14 11 19 12 
1 8 6 2 5 16 3 14 11 19 12 9 
1 8 6 2 5 16 3 14 11 19 12 0 
1 8 6 2 5 16 3 14 11 19 0 
1 8 6 2 5 16 3 14 11 19 0 12 
1 8 6 2 5 16 3 14 11 19 0 12 9 
1 8 6 2 5 16 3 14 11 18 
1 8 6 2 5 16 3 14 11 18 17 
1 8 6 2 5 20 
1 8 6 2 5 20 15 
1 8 6 2 5 4 
1 8 6 2 5 4 16 
1 8 6 2 5 4 16 3 
1 8 6 2 5 4 16 3 17 
1 8 6 2 5 4 16 3 17 18 
1 8 6 2 5 4 16 3 17 18 11 
1 8 6 2 5 4 16 3 17 18 11 19 
1 8 6 2 5 4 16 3 17 18 11 19 12 
1 8 6 2 5 4 16 3 17 18 11 19 12 9 
1 8 6 2 5 4 16 3 17 18 11 19 12 0 
1 8 6 2 5 4 16 3 17 18 11 19 0 
1 8 6 2 5 4 16 3 17 18 11 19 0 12 
1 8 6 2 5 4 16 3 17 18 11 19 0 12 9 
1 8 6 2 5 4 16 3 17 18 11 14 
1 8 6 2 5 4 16 3 17 18 11 14 7 
1 8 6 2 5 4 16 3 17 18 11 14 7 10 
1 8 6 2 5 4 16 3 17 18 11 14 7 10 13 
1 8 6 2 5 4 16 3 14 
1 8 6 2 5 4 16 3 14 7 
1 8 6 2 5 4 16 3 14 7 10 
1 8 6 2 5 4 16 3 14 7 10 13 
1 8 6 2 5 4 16 3 14 11 
1 8 6 2 5 4 16 3 14 11 19 
1 8 6 2 5 4 16 3 14 11 19 12 
1 8 6 2 5 4 16 3 14 11 19 12 9 
1 8 6 2 5 4 16 3 14 11 19 12 0 
1 8 6 2 5 4 16 3 14 11 19 0 
1 8 6 2 5 4 16 3 14 11 19 0 12 
1 8 6 2 5 4 16 3 14 11 19 0 12 9 
1 8 6 2 5 4 16 3 14 11 18 
1 8 6 2 5 4 16 3 14 11 18 17 
1 8 6 2 4 
1 8 6 2 4 16 
1 8 6 2 4 16 5 
1 8 6 2 4 16 5 20 
1 8 6 2 4 16 5 20 15 
1 8 6 2 4 16 3 
1 8 6 2 4 16 3 17 
1 8 6 2 4 16 3 17 18 
1 8 6 2 4 16 3 17 18 11 
1 8 6 2 4 16 3 17 18 11 19 
1 8 6 2 4 16 3 17 18 11 19 12 
1 8 6 2 4 16 3 17 18 11 19 12 9 
1 8 6 2 4 16 3 17 18 11 19 12 0 
1 8 6 2 4 16 3 17 18 11 19 0 
1 8 6 2 4 16 3 17 18 11 19 0 12 
1 8 6 2 4 16 3 17 18 11 19 0 12 9 
1 8 6 2 4 16 3 17 18 11 14 
1 8 6 2 4 16 3 17 18 11 14 7 
1 8 6 2 4 16 3 17 18 11 14 7 10 
1 8 6 2 4 16 3 17 18 11 14 7 10 13 
1 8 6 2 4 16 3 14 
1 8 6 2 4 16 3 14 7 
1 8 6 2 4 16 3 14 7 10 
1 8 6 2 4 16 3 14 7 10 13 
1 8 6 2 4 16 3 14 11 
1 8 6 2 4 16 3 14 11 19 
1 8 6 2 4 16 3 14 11 19 12 
1 8 6 2 4 16 3 14 11 19 12 9 
1 8 6 2 4 16 3 14 11 19 12 0 
1 8 6 2 4 16 3 14 11 19 0 
1 8 6 2 4 16 3 14 11 19 0 12 
1 8 6 2 4 16 3 14 11 19 0 12 9 
1 8 6 2 4 16 3 14 11 18 
1 8 6 2 4 16 3 14 11 18 17 
1 8 6 2 4 5 
1 8 6 2 4 5 16 
1 8 6 2 4 5 16 3 
1 8 6 2 4 5 16 3 17 
1 8 6 2 4 5 16 3 17 18 
1 8 6 2 4 5 16 3 17 18 11 
1 8 6 2 4 5 16 3 17 18 11 19 
1 8 6 2 4 5 16 3 17 18 11 19 12 
1 8 6 2 4 5 16 3 17 18 11 19 12 9 
1 8 6 2 4 5 16 3 17 18 11 19 12 0 
1 8 6 2 4 5 16 3 17 18 11 19 0 
1 8 6 2 4 5 16 3 17 18 11 19 0 12 
1 8 6 2 4 5 16 3 17 18 11 19 0 12 9 
1 8 6 2 4 5 16 3 17 18 11 14 
1 8 6 2 4 5 16 3 17 18 11 14 7 
1 8 6 2 4 5 16 3 17 18 11 14 7 10 
1 8 6 2 4 5 16 3 17 18 11 14 7 10 13 
1 8 6 2 4 5 16 3 14 
1 8 6 2 4 5 16 3 14 7 
1 8 6 2 4 5 16 3 14 7 10 
1 8 6 2 4 5 16 3 14 7 10 13 
1 8 6 2 4 5 16 3 14 11 
1 8 6 2 4 5 16 3 14 11 19 
1 8 6 2 4 5 16 3 14 11 19 12 
1 8 6 2 4 5 16 3 14 11 19 12 9 
1 8 6 2 4 5 16 3 14 11 19 12 0 
1 8 6 2 4 5 16 3 14 11 19 0 
1 8 6 2 4 5 16 3 14 11 19 0 12 
1 8 6 2 4 5 16 3 14 11 19 0 12 9 
1 8 6 2 4 5 16 3 14 11 18 
1 8 6 2 4 5 16 3 14 11 18 17 
1 8 6 2 4 5 20 
1 8 6 2 4 5 20 15 
1 8 6 9 
1 8 6 9 12 
1 8 6 9 12 19 
1 8 6 9 12 19 11 
1 8 6 9 12 19 11 18 
1 8 6 9 12 19 11 18 17 
1 8 6 9 12 19 11 18 17 3 
1 8 6 9 12 19 11 18 17 3 14 
1 8 6 9 12 19 11 18 17 3 14 7 
1 8 6 9 12 19 11 18 17 3 14 7 10 
1 8 6 9 12 19 11 18 17 3 14 7 10 13 
1 8 6 9 12 19 11 18 17 3 16 
1 8 6 9 12 19 11 18 17 3 16 4 
1 8 6 9 12 19 11 18 17 3 16 4 2 
1 8 6 9 12 19 11 18 17 3 16 4 2 20 
1 8 6 9 12 19 11 18 17 3 16 4 2 20 15 
1 8 6 9 12 19 11 18 17 3 16 4 2 20 5 
1 8 6 9 12 19 11 18 17 3 16 4 2 5 
1 8 6 9 12 19 11 18 17 3 16 4 2 5 20 
1 8 6 9 12 19 11 18 17 3 16 4 2 5 20 15 
1 8 6 9 12 19 11 18 17 3 16 4 5 
1 8 6 9 12 19 11 18 17 3 16 4 5 2 
1 8 6 9 12 19 11 18 17 3 16 4 5 2 20 
1 8 6 9 12 19 11 18 17 3 16 4 5 2 20 15 
1 8 6 9 12 19 11 18 17 3 16 4 5 20 
1 8 6 9 12 19 11 18 17 3 16 4 5 20 15 
1 8 6 9 12 19 11 18 17 3 16 4 5 20 2 
1 8 6 9 12 19 11 18 17 3 16 5 
1 8 6 9 12 19 11 18 17 3 16 5 2 
1 8 6 9 12 19 11 18 17 3 16 5 2 20 
1 8 6 9 12 19 11 18 17 3 16 5 2 20 15 
1 8 6 9 12 19 11 18 17 3 16 5 2 4 
1 8 6 9 12 19 11 18 17 3 16 5 20 
1 8 6 9 12 19 11 18 17 3 16 5 20 15 
1 8 6 9 12 19 11 18 17 3 16 5 20 2 
1 8 6 9 12 19 11 18 17 3 16 5 20 2 4 
1 8 6 9 12 19 11 18 17 3 16 5 4 
1 8 6 9 12 19 11 18 17 3 16 5 4 2 
1 8 6 9 12 19 11 18 17 3 16 5 4 2 20 
1 8 6 9 12 19 11 18 17 3 16 5 4 2 20 15 
1 8 6 9 12 19 11 14 
1 8 6 9 12 19 11 14 3 
1 8 6 9 12 19 11 14 3 17 
1 8 6 9 12 19 11 14 3 17 18 
1 8 6 9 12 19 11 14 3 16 
1 8 6 9 12 19 11 14 3 16 4 
1 8 6 9 12 19 11 14 3 16 4 2 
1 8 6 9 12 19 11 14 3 16 4 2 20 
1 8 6 9 12 19 11 14 3 16 4 2 20 15 
1 8 6 9 12 19 11 14 3 16 4 2 20 5 
1 8 6 9 12 19 11 14 3 16 4 2 5 
1 8 6 9 12 19 11 14 3 16 4 2 5 20 
1 8 6 9 12 19 11 14 3 16 4 2 5 20 15 
1 8 6 9 12 19 11 14 3 16 4 5 
1 8 6 9 12 19 11 14 3 16 4 5 2 
1 8 6 9 12 19 11 14 3 16 4 5 2 20 
1 8 6 9 12 19 11 14 3 16 4 5 2 20 15 
1 8 6 9 12 19 11 14 3 16 4 5 20 
1 8 6 9 12 19 11 14 3 16 4 5 20 15 
1 8 6 9 12 19 11 14 3 16 4 5 20 2 
1 8 6 9 12 19 11 14 3 16 5 
1 8 6 9 12 19 11 14 3 16 5 2 
1 8 6 9 12 19 11 14 3 16 5 2 20 
1 8 6 9 12 19 11 14 3 16 5 2 20 15 
1 8 6 9 12 19 11 14 3 16 5 2 4 
1 8 6 9 12 19 11 14 3 16 5 20 
1 8 6 9 12 19 11 14 3 16 5 20 15 
1 8 6 9 12 19 11 14 3 16 5 20 2 
1 8 6 9 12 19 11 14 3 16 5 20 2 4 
1 8 6 9 12 19 11 14 3 16 5 4 
1 8 6 9 12 19 11 14 3 16 5 4 2 
1 8 6 9 12 19 11 14 3 16 5 4 2 20 
1 8 6 9 12 19 11 14 3 16 5 4 2 20 15 
1 8 6 9 12 19 11 14 7 
1 8 6 9 12 19 11 14 7 10 
1 8 6 9 12 19 11 14 7 10 13 
1 8 6 9 12 19 0 
1 8 6 9 12 0 
1 8 6 9 12 0 19 
1 8 6 9 12 0 19 11 
1 8 6 9 12 0 19 11 18 
1 8 6 9 12 0 19 11 18 17 
1 8 6 9 12 0 19 11 18 17 3 
1 8 6 9 12 0 19 11 18 17 3 14 
1 8 6 9 12 0 19 11 18 17 3 14 7 
1 8 6 9 12 0 19 11 18 17 3 14 7 10 
1 8 6 9 12 0 19 11 18 17 3 14 7 10 13 
1 8 6 9 12 0 19 11 18 17 3 16 
1 8 6 9 12 0 19 11 18 17 3 16 4 
1 8 6 9 12 0 19 11 18 17 3 16 4 2 
1 8 6 9 12 0 19 11 18 17 3 16 4 2 20 
1 8 6 9 12 0 19 11 18 17 3 16 4 2 20 15 
1 8 6 9 12 0 19 11 18 17 3 16 4 2 20 5 
1 8 6 9 12 0 19 11 18 17 3 16 4 2 5 
1 8 6 9 12 0 19 11 18 17 3 16 4 2 5 20 
1 8 6 9 12 0 19 11 18 17 3 16 4 2 5 20 15 
1 8 6 9 12 0 19 11 18 17 3 16 4 5 
1 8 6 9 12 0 19 11 18 17 3 16 4 5 2 
1 8 6 9 12 0 19 11 18 17 3 16 4 5 2 20 
1 8 6 9 12 0 19 11 18 17 3 16 4 5 2 20 15 
1 8 6 9 12 0 19 11 18 17 3 16 4 5 20 
1 8 6 9 12 0 19 11 18 17 3 16 4 5 20 15 
1 8 6 9 12 0 19 11 18 17 3 16 4 5 20 2 
1 8 6 9 12 0 19 11 18 17 3 16 5 
1 8 6 9 12 0 19 11 18 17 3 16 5 2 
1 8 6 9 12 0 19 11 18 17 3 16 5 2 20 
1 8 6 9 12 0 19 11 18 17 3 16 5 2 20 15 
1 8 6 9 12 0 19 11 18 17 3 16 5 2 4 
1 8 6 9 12 0 19 11 18 17 3 16 5 20 
1 8 6 9 12 0 19 11 18 17 3 16 5 20 15 
1 8 6 9 12 0 19 11 18 17 3 16 5 20 2 
1 8 6 9 12 0 19 11 18 17 3 16 5 20 2 4 
1 8 6 9 12 0 19 11 18 17 3 16 5 4 
1 8 6 9 12 0 19 11 18 17 3 16 5 4 2 
1 8 6 9 12 0 19 11 18 17 3 16 5 4 2 20 
1 8 6 9 12 0 19 11 18 17 3 16 5 4 2 20 15 
1 8 6 9 12 0 19 11 14 
1 8 6 9 12 0 19 11 14 3 
1 8 6 9 12 0 19 11 14 3 17 
1 8 6 9 12 0 19 11 14 3 17 18 
1 8 6 9 12 0 19 11 14 3 16 
1 8 6 9 12 0 19 11 14 3 16 4 
1 8 6 9 12 0 19 11 14 3 16 4 2 
1 8 6 9 12 0 19 11 14 3 16 4 2 20 
1 8 6 9 12 0 19 11 14 3 16 4 2 20 15 
1 8 6 9 12 0 19 11 14 3 16 4 2 20 5 
1 8 6 9 12 0 19 11 14 3 16 4 2 5 
1 8 6 9 12 0 19 11 14 3 16 4 2 5 20 
1 8 6 9 12 0 19 11 14 3 16 4 2 5 20 15 
1 8 6 9 12 0 19 11 14 3 16 4 5 
1 8 6 9 12 0 19 11 14 3 16 4 5 2 
1 8 6 9 12 0 19 11 14 3 16 4 5 2 20 
1 8 6 9 12 0 19 11 14 3 16 4 5 2 20 15 
1 8 6 9 12 0 19 11 14 3 16 4 5 20 
1 8 6 9 12 0 19 11 14 3 16 4 5 20 15 
1 8 6 9 12 0 19 11 14 3 16 4 5 20 2 
1 8 6 9 12 0 19 11 14 3 16 5 
1 8 6 9 12 0 19 11 14 3 16 5 2 
1 8 6 9 12 0 19 11 14 3 16 5 2 20 
1 8 6 9 12 0 19 11 14 3 16 5 2 20 15 
1 8 6 9 12 0 19 11 14 3 16 5 2 4 
1 8 6 9 12 0 19 11 14 3 16 5 20 
1 8 6 9 12 0 19 11 14 3 16 5 20 15 
1 8 6 9 12 0 19 11 14 3 16 5 20 2 
1 8 6 9 12 0 19 11 14 3 16 5 20 2 4 
1 8 6 9 12 0 19 11 14 3 16 5 4 
1 8 6 9 12 0 19 11 14 3 16 5 4 2 
1 8 6 9 12 0 19 11 14 3 16 5 4 2 20 
1 8 6 9 12 0 19 11 14 3 16 5 4 2 20 15 
1 8 6 9 12 0 19 11 14 7 
1 8 6 9 12 0 19 11 14 7 10 
1 8 6 9 12 0 19 11 14 7 10 13 
1 8 6 15 
1 8 6 15 20 
1 8 6 15 20 2 
1 8 6 15 20 2 5 
1 8 6 15 20 2 5 16 
1 8 6 15 20 2 5 16 4 
1 8 6 15 20 2 5 16 3 
1 8 6 15 20 2 5 16 3 17 
1 8 6 15 20 2 5 16 3 17 18 
1 8 6 15 20 2 5 16 3 17 18 11 
1 8 6 15 20 2 5 16 3 17 18 11 19 
1 8 6 15 20 2 5 16 3 17 18 11 19 12 
1 8 6 15 20 2 5 16 3 17 18 11 19 12 9 
1 8 6 15 20 2 5 16 3 17 18 11 19 12 0 
1 8 6 15 20 2 5 16 3 17 18 11 19 0 
1 8 6 15 20 2 5 16 3 17 18 11 19 0 12 
1 8 6 15 20 2 5 16 3 17 18 11 19 0 12 9 
1 8 6 15 20 2 5 16 3 17 18 11 14 
1 8 6 15 20 2 5 16 3 17 18 11 14 7 
1 8 6 15 20 2 5 16 3 17 18 11 14 7 10 
1 8 6 15 20 2 5 16 3 17 18 11 14 7 10 13 
1 8 6 15 20 2 5 16 3 14 
1 8 6 15 20 2 5 16 3 14 7 
1 8 6 15 20 2 5 16 3 14 7 10 
1 8 6 15 20 2 5 16 3 14 7 10 13 
1 8 6 15 20 2 5 16 3 14 11 
1 8 6 15 20 2 5 16 3 14 11 19 
1 8 6 15 20 2 5 16 3 14 11 19 12 
1 8 6 15 20 2 5 16 3 14 11 19 12 9 
1 8 6 15 20 2 5 16 3 14 11 19 12 0 
1 8 6 15 20 2 5 16 3 14 11 19 0 
1 8 6 15 20 2 5 16 3 14 11 19 0 12 
1 8 6 15 20 2 5 16 3 14 11 19 0 12 9 
1 8 6 15 20 2 5 16 3 14 11 18 
1 8 6 15 20 2 5 16 3 14 11 18 17 
1 8 6 15 20 2 5 4 
1 8 6 15 20 2 5 4 16 
1 8 6 15 20 2 5 4 16 3 
1 8 6 15 20 2 5 4 16 3 17 
1 8 6 15 20 2 5 4 16 3 17 18 
1 8 6 15 20 2 5 4 16 3 17 18 11 
1 8 6 15 20 2 5 4 16 3 17 18 11 19 
1 8 6 15 20 2 5 4 16 3 17 18 11 19 12 
1 8 6 15 20 2 5 4 16 3 17 18 11 19 12 9 
1 8 6 15 20 2 5 4 16 3 17 18 11 19 12 0 
1 8 6 15 20 2 5 4 16 3 17 18 11 19 0 
1 8 6 15 20 2 5 4 16 3 17 18 11 19 0 12 
1 8 6 15 20 2 5 4 16 3 17 18 11 19 0 12 9 
1 8 6 15 20 2 5 4 16 3 17 18 11 14 
1 8 6 15 20 2 5 4 16 3 17 18 11 14 7 
1 8 6 15 20 2 5 4 16 3 17 18 11 14 7 10 
1 8 6 15 20 2 5 4 16 3 17 18 11 14 7 10 13 
1 8 6 15 20 2 5 4 16 3 14 
1 8 6 15 20 2 5 4 16 3 14 7 
1 8 6 15 20 2 5 4 16 3 14 7 10 
1 8 6 15 20 2 5 4 16 3 14 7 10 13 
1 8 6 15 20 2 5 4 16 3 14 11 
1 8 6 15 20 2 5 4 16 3 14 11 19 
1 8 6 15 20 2 5 4 16 3 14 11 19 12 
1 8 6 15 20 2 5 4 16 3 14 11 19 12 9 
1 8 6 15 20 2 5 4 16 3 14 11 19 12 0 
1 8 6 15 20 2 5 4 16 3 14 11 19 0 
1 8 6 15 20 2 5 4 16 3 14 11 19 0 12 
1 8 6 15 20 2 5 4 16 3 14 11 19 0 12 9 
1 8 6 15 20 2 5 4 16 3 14 11 18 
1 8 6 15 20 2 5 4 16 3 14 11 18 17 
1 8 6 15 20 2 4 
1 8 6 15 20 2 4 16 
1 8 6 15 20 2 4 16 5 
1 8 6 15 20 2 4 16 3 
1 8 6 15 20 2 4 16 3 17 
1 8 6 15 20 2 4 16 3 17 18 
1 8 6 15 20 2 4 16 3 17 18 11 
1 8 6 15 20 2 4 16 3 17 18 11 19 
1 8 6 15 20 2 4 16 3 17 18 11 19 12 
1 8 6 15 20 2 4 16 3 17 18 11 19 12 9 
1 8 6 15 20 2 4 16 3 17 18 11 19 12 0 
1 8 6 15 20 2 4 16 3 17 18 11 19 0 
1 8 6 15 20 2 4 16 3 17 18 11 19 0 12 
1 8 6 15 20 2 4 16 3 17 18 11 19 0 12 9 
1 8 6 15 20 2 4 16 3 17 18 11 14 
1 8 6 15 20 2 4 16 3 17 18 11 14 7 
1 8 6 15 20 2 4 16 3 17 18 11 14 7 10 
1 8 6 15 20 2 4 16 3 17 18 11 14 7 10 13 
1 8 6 15 20 2 4 16 3 14 
1 8 6 15 20 2 4 16 3 14 7 
1 8 6 15 20 2 4 16 3 14 7 10 
1 8 6 15 20 2 4 16 3 14 7 10 13 
1 8 6 15 20 2 4 16 3 14 11 
1 8 6 15 20 2 4 16 3 14 11 19 
1 8 6 15 20 2 4 16 3 14 11 19 12 
1 8 6 15 20 2 4 16 3 14 11 19 12 9 
1 8 6 15 20 2 4 16 3 14 11 19 12 0 
1 8 6 15 20 2 4 16 3 14 11 19 0 
1 8 6 15 20 2 4 16 3 14 11 19 0 12 
1 8 6 15 20 2 4 16 3 14 11 19 0 12 9 
1 8 6 15 20 2 4 16 3 14 11 18 
1 8 6 15 20 2 4 16 3 14 11 18 17 
1 8 6 15 20 2 4 5 
1 8 6 15 20 2 4 5 16 
1 8 6 15 20 2 4 5 16 3 
1 8 6 15 20 2 4 5 16 3 17 
1 8 6 15 20 2 4 5 16 3 17 18 
1 8 6 15 20 2 4 5 16 3 17 18 11 
1 8 6 15 20 2 4 5 16 3 17 18 11 19 
1 8 6 15 20 2 4 5 16 3 17 18 11 19 12 
1 8 6 15 20 2 4 5 16 3 17 18 11 19 12 9 
1 8 6 15 20 2 4 5 16 3 17 18 11 19 12 0 
1 8 6 15 20 2 4 5 16 3 17 18 11 19 0 
1 8 6 15 20 2 4 5 16 3 17 18 11 19 0 12 
1 8 6 15 20 2 4 5 16 3 17 18 11 19 0 12 9 
1 8 6 15 20 2 4 5 16 3 17 18 11 14 
1 8 6 15 20 2 4 5 16 3 17 18 11 14 7 
1 8 6 15 20 2 4 5 16 3 17 18 11 14 7 10 
1 8 6 15 20 2 4 5 16 3 17 18 11 14 7 10 13 
1 8 6 15 20 2 4 5 16 3 14 
1 8 6 15 20 2 4 5 16 3 14 7 
1 8 6 15 20 2 4 5 16 3 14 7 10 
1 8 6 15 20 2 4 5 16 3 14 7 10 13 
1 8 6 15 20 2 4 5 16 3 14 11 
1 8 6 15 20 2 4 5 16 3 14 11 19 
1 8 6 15 20 2 4 5 16 3 14 11 19 12 
1 8 6 15 20 2 4 5 16 3 14 11 19 12 9 
1 8 6 15 20 2 4 5 16 3 14 11 19 12 0 
1 8 6 15 20 2 4 5 16 3 14 11 19 0 
1 8 6 15 20 2 4 5 16 3 14 11 19 0 12 
1 8 6 15 20 2 4 5 16 3 14 11 19 0 12 9 
1 8 6 15 20 2 4 5 16 3 14 11 18 
1 8 6 15 20 2 4 5 16 3 14 11 18 17 
1 8 6 15 20 5 
1 8 6 15 20 5 2 
1 8 6 15 20 5 2 4 
1 8 6 15 20 5 2 4 16 
1 8 6 15 20 5 2 4 16 3 
1 8 6 15 20 5 2 4 16 3 17 
1 8 6 15 20 5 2 4 16 3 17 18 
1 8 6 15 20 5 2 4 16 3 17 18 11 
1 8 6 15 20 5 2 4 16 3 17 18 11 19 
1 8 6 15 20 5 2 4 16 3 17 18 11 19 12 
1 8 6 15 20 5 2 4 16 3 17 18 11 19 12 9 
1 8 6 15 20 5 2 4 16 3 17 18 11 19 12 0 
1 8 6 15 20 5 2 4 16 3 17 18 11 19 0 
1 8 6 15 20 5 2 4 16 3 17 18 11 19 0 12 
1 8 6 15 20 5 2 4 16 3 17 18 11 19 0 12 9 
1 8 6 15 20 5 2 4 16 3 17 18 11 14 
1 8 6 15 20 5 2 4 16 3 17 18 11 14 7 
1 8 6 15 20 5 2 4 16 3 17 18 11 14 7 10 
1 8 6 15 20 5 2 4 16 3 17 18 11 14 7 10 13 
1 8 6 15 20 5 2 4 16 3 14 
1 8 6 15 20 5 2 4 16 3 14 7 
1 8 6 15 20 5 2 4 16 3 14 7 10 
1 8 6 15 20 5 2 4 16 3 14 7 10 13 
1 8 6 15 20 5 2 4 16 3 14 11 
1 8 6 15 20 5 2 4 16 3 14 11 19 
1 8 6 15 20 5 2 4 16 3 14 11 19 12 
1 8 6 15 20 5 2 4 16 3 14 11 19 12 9 
1 8 6 15 20 5 2 4 16 3 14 11 19 12 0 
1 8 6 15 20 5 2 4 16 3 14 11 19 0 
1 8 6 15 20 5 2 4 16 3 14 11 19 0 12 
1 8 6 15 20 5 2 4 16 3 14 11 19 0 12 9 
1 8 6 15 20 5 2 4 16 3 14 11 18 
1 8 6 15 20 5 2 4 16 3 14 11 18 17 
1 8 6 15 20 5 16 
1 8 6 15 20 5 16 4 
1 8 6 15 20 5 16 4 2 
1 8 6 15 20 5 16 3 
1 8 6 15 20 5 16 3 17 
1 8 6 15 20 5 16 3 17 18 
1 8 6 15 20 5 16 3 17 18 11 
1 8 6 15 20 5 16 3 17 18 11 19 
1 8 6 15 20 5 16 3 17 18 11 19 12 
1 8 6 15 20 5 16 3 17 18 11 19 12 9 
1 8 6 15 20 5 16 3 17 18 11 19 12 0 
1 8 6 15 20 5 16 3 17 18 11 19 0 
1 8 6 15 20 5 16 3 17 18 11 19 0 12 
1 8 6 15 20 5 16 3 17 18 11 19 0 12 9 
1 8 6 15 20 5 16 3 17 18 11 14 
1 8 6 15 20 5 16 3 17 18 11 14 7 
1 8 6 15 20 5 16 3 17 18 11 14 7 10 
1 8 6 15 20 5 16 3 17 18 11 14 7 10 13 
1 8 6 15 20 5 16 3 14 
1 8 6 15 20 5 16 3 14 7 
1 8 6 15 20 5 16 3 14 7 10 
1 8 6 15 20 5 16 3 14 7 10 13 
1 8 6 15 20 5 16 3 14 11 
1 8 6 15 20 5 16 3 14 11 19 
1 8 6 15 20 5 16 3 14 11 19 12 
1 8 6 15 20 5 16 3 14 11 19 12 9 
1 8 6 15 20 5 16 3 14 11 19 12 0 
1 8 6 15 20 5 16 3 14 11 19 0 
1 8 6 15 20 5 16 3 14 11 19 0 12 
1 8 6 15 20 5 16 3 14 11 19 0 12 9 
1 8 6 15 20 5 16 3 14 11 18 
1 8 6 15 20 5 16 3 14 11 18 17 
1 8 6 15 20 5 4 
1 8 6 15 20 5 4 2 
1 8 6 15 20 5 4 16 
1 8 6 15 20 5 4 16 3 
1 8 6 15 20 5 4 16 3 17 
1 8 6 15 20 5 4 16 3 17 18 
1 8 6 15 20 5 4 16 3 17 18 11 
1 8 6 15 20 5 4 16 3 17 18 11 19 
1 8 6 15 20 5 4 16 3 17 18 11 19 12 
1 8 6 15 20 5 4 16 3 17 18 11 19 12 9 
1 8 6 15 20 5 4 16 3 17 18 11 19 12 0 
1 8 6 15 20 5 4 16 3 17 18 11 19 0 
1 8 6 15 20 5 4 16 3 17 18 11 19 0 12 
1 8 6 15 20 5 4 16 3 17 18 11 19 0 12 9 
1 8 6 15 20 5 4 16 3 17 18 11 14 
1 8 6 15 20 5 4 16 3 17 18 11 14 7 
1 8 6 15 20 5 4 16 3 17 18 11 14 7 10 
1 8 6 15 20 5 4 16 3 17 18 11 14 7 10 13 
1 8 6 15 20 5 4 16 3 14 
1 8 6 15 20 5 4 16 3 14 7 
1 8 6 15 20 5 4 16 3 14 7 10 
1 8 6 15 20 5 4 16 3 14 7 10 13 
1 8 6 15 20 5 4 16 3 14 11 
1 8 6 15 20 5 4 16 3 14 11 19 
1 8 6 15 20 5 4 16 3 14 11 19 12 
1 8 6 15 20 5 4 16 3 14 11 19 12 9 
1 8 6 15 20 5 4 16 3 14 11 19 12 0 
1 8 6 15 20 5 4 16 3 14 11 19 0 
1 8 6 15 20 5 4 16 3 14 11 19 0 12 
1 8 6 15 20 5 4 16 3 14 11 19 0 12 9 
1 8 6 15 20 5 4 16 3 14 11 18 
1 8 6 15 20 5 4 16 3 14 11 18 17 
1 8 18 
1 8 18 11 
1 8 18 11 19 
1 8 18 11 19 12 
1 8 18 11 19 12 9 
1 8 18 11 19 12 9 6 
1 8 18 11 19 12 9 6 2 
1 8 18 11 19 12 9 6 2 20 
1 8 18 11 19 12 9 6 2 20 15 
1 8 18 11 19 12 9 6 2 20 5 
1 8 18 11 19 12 9 6 2 20 5 16 
1 8 18 11 19 12 9 6 2 20 5 16 4 
1 8 18 11 19 12 9 6 2 20 5 16 3 
1 8 18 11 19 12 9 6 2 20 5 16 3 17 
1 8 18 11 19 12 9 6 2 20 5 16 3 14 
1 8 18 11 19 12 9 6 2 20 5 16 3 14 7 
1 8 18 11 19 12 9 6 2 20 5 16 3 14 7 10 
1 8 18 11 19 12 9 6 2 20 5 16 3 14 7 10 13 
1 8 18 11 19 12 9 6 2 20 5 4 
1 8 18 11 19 12 9 6 2 20 5 4 16 
1 8 18 11 19 12 9 6 2 20 5 4 16 3 
1 8 18 11 19 12 9 6 2 20 5 4 16 3 17 
1 8 18 11 19 12 9 6 2 20 5 4 16 3 14 
1 8 18 11 19 12 9 6 2 20 5 4 16 3 14 7 
1 8 18 11 19 12 9 6 2 20 5 4 16 3 14 7 10 
1 8 18 11 19 12 9 6 2 20 5 4 16 3 14 7 10 13 
1 8 18 11 19 12 9 6 2 5 
1 8 18 11 19 12 9 6 2 5 16 
1 8 18 11 19 12 9 6 2 5 16 4 
1 8 18 11 19 12 9 6 2 5 16 3 
1 8 18 11 19 12 9 6 2 5 16 3 17 
1 8 18 11 19 12 9 6 2 5 16 3 14 
1 8 18 11 19 12 9 6 2 5 16 3 14 7 
1 8 18 11 19 12 9 6 2 5 16 3 14 7 10 
1 8 18 11 19 12 9 6 2 5 16 3 14 7 10 13 
1 8 18 11 19 12 9 6 2 5 20 
1 8 18 11 19 12 9 6 2 5 20 15 
1 8 18 11 19 12 9 6 2 5 4 
1 8 18 11 19 12 9 6 2 5 4 16 
1 8 18 11 19 12 9 6 2 5 4 16 3 
1 8 18 11 19 12 9 6 2 5 4 16 3 17 
1 8 18 11 19 12 9 6 2 5 4 16 3 14 
1 8 18 11 19 12 9 6 2 5 4 16 3 14 7 
1 8 18 11 19 12 9 6 2 5 4 16 3 14 7 10 
1 8 18 11 19 12 9 6 2 5 4 16 3 14 7 10 13 
1 8 18 11 19 12 9 6 2 4 
1 8 18 11 19 12 9 6 2 4 16 
1 8 18 11 19 12 9 6 2 4 16 5 
1 8 18 11 19 12 9 6 2 4 16 5 20 
1 8 18 11 19 12 9 6 2 4 16 5 20 15 
1 8 18 11 19 12 9 6 2 4 16 3 
1 8 18 11 19 12 9 6 2 4 16 3 17 
1 8 18 11 19 12 9 6 2 4 16 3 14 
1 8 18 11 19 12 9 6 2 4 16 3 14 7 
1 8 18 11 19 12 9 6 2 4 16 3 14 7 10 
1 8 18 11 19 12 9 6 2 4 16 3 14 7 10 13 
1 8 18 11 19 12 9 6 2 4 5 
1 8 18 11 19 12 9 6 2 4 5 16 
1 8 18 11 19 12 9 6 2 4 5 16 3 
1 8 18 11 19 12 9 6 2 4 5 16 3 17 
1 8 18 11 19 12 9 6 2 4 5 16 3 14 
1 8 18 11 19 12 9 6 2 4 5 16 3 14 7 
1 8 18 11 19 12 9 6 2 4 5 16 3 14 7 10 
1 8 18 11 19 12 9 6 2 4 5 16 3 14 7 10 13 
1 8 18 11 19 12 9 6 2 4 5 20 
1 8 18 11 19 12 9 6 2 4 5 20 15 
1 8 18 11 19 12 9 6 15 
1 8 18 11 19 12 9 6 15 20 
1 8 18 11 19 12 9 6 15 20 2 
1 8 18 11 19 12 9 6 15 20 2 5 
1 8 18 11 19 12 9 6 15 20 2 5 16 
1 8 18 11 19 12 9 6 15 20 2 5 16 4 
1 8 18 11 19 12 9 6 15 20 2 5 16 3 
1 8 18 11 19 12 9 6 15 20 2 5 16 3 17 
1 8 18 11 19 12 9 6 15 20 2 5 16 3 14 
1 8 18 11 19 12 9 6 15 20 2 5 16 3 14 7 
1 8 18 11 19 12 9 6 15 20 2 5 16 3 14 7 10 
1 8 18 11 19 12 9 6 15 20 2 5 16 3 14 7 10 13 
1 8 18 11 19 12 9 6 15 20 2 5 4 
1 8 18 11 19 12 9 6 15 20 2 5 4 16 
1 8 18 11 19 12 9 6 15 20 2 5 4 16 3 
1 8 18 11 19 12 9 6 15 20 2 5 4 16 3 17 
1 8 18 11 19 12 9 6 15 20 2 5 4 16 3 14 
1 8 18 11 19 12 9 6 15 20 2 5 4 16 3 14 7 
1 8 18 11 19 12 9 6 15 20 2 5 4 16 3 14 7 10 
1 8 18 11 19 12 9 6 15 20 2 5 4 16 3 14 7 10 13 
1 8 18 11 19 12 9 6 15 20 2 4 
1 8 18 11 19 12 9 6 15 20 2 4 16 
1 8 18 11 19 12 9 6 15 20 2 4 16 5 
1 8 18 11 19 12 9 6 15 20 2 4 16 3 
1 8 18 11 19 12 9 6 15 20 2 4 16 3 17 
1 8 18 11 19 12 9 6 15 20 2 4 16 3 14 
1 8 18 11 19 12 9 6 15 20 2 4 16 3 14 7 
1 8 18 11 19 12 9 6 15 20 2 4 16 3 14 7 10 
1 8 18 11 19 12 9 6 15 20 2 4 16 3 14 7 10 13 
1 8 18 11 19 12 9 6 15 20 2 4 5 
1 8 18 11 19 12 9 6 15 20 2 4 5 16 
1 8 18 11 19 12 9 6 15 20 2 4 5 16 3 
1 8 18 11 19 12 9 6 15 20 2 4 5 16 3 17 
1 8 18 11 19 12 9 6 15 20 2 4 5 16 3 14 
1 8 18 11 19 12 9 6 15 20 2 4 5 16 3 14 7 
1 8 18 11 19 12 9 6 15 20 2 4 5 16 3 14 7 10 
1 8 18 11 19 12 9 6 15 20 2 4 5 16 3 14 7 10 13 
1 8 18 11 19 12 9 6 15 20 5 
1 8 18 11 19 12 9 6 15 20 5 2 
1 8 18 11 19 12 9 6 15 20 5 2 4 
1 8 18 11 19 12 9 6 15 20 5 2 4 16 
1 8 18 11 19 12 9 6 15 20 5 2 4 16 3 
1 8 18 11 19 12 9 6 15 20 5 2 4 16 3 17 
1 8 18 11 19 12 9 6 15 20 5 2 4 16 3 14 
1 8 18 11 19 12 9 6 15 20 5 2 4 16 3 14 7 
1 8 18 11 19 12 9 6 15 20 5 2 4 16 3 14 7 10 
1 8 18 11 19 12 9 6 15 20 5 2 4 16 3 14 7 10 13 
1 8 18 11 19 12 9 6 15 20 5 16 
1 8 18 11 19 12 9 6 15 20 5 16 4 
1 8 18 11 19 12 9 6 15 20 5 16 4 2 
1 8 18 11 19 12 9 6 15 20 5 16 3 
1 8 18 11 19 12 9 6 15 20 5 16 3 17 
1 8 18 11 19 12 9 6 15 20 5 16 3 14 
1 8 18 11 19 12 9 6 15 20 5 16 3 14 7 
1 8 18 11 19 12 9 6 15 20 5 16 3 14 7 10 
1 8 18 11 19 12 9 6 15 20 5 16 3 14 7 10 13 
1 8 18 11 19 12 9 6 15 20 5 4 
1 8 18 11 19 12 9 6 15 20 5 4 2 
1 8 18 11 19 12 9 6 15 20 5 4 16 
1 8 18 11 19 12 9 6 15 20 5 4 16 3 
1 8 18 11 19 12 9 6 15 20 5 4 16 3 17 
1 8 18 11 19 12 9 6 15 20 5 4 16 3 14 
1 8 18 11 19 12 9 6 15 20 5 4 16 3 14 7 
1 8 18 11 19 12 9 6 15 20 5 4 16 3 14 7 10 
1 8 18 11 19 12 9 6 15 20 5 4 16 3 14 7 10 13 
1 8 18 11 19 12 0 
1 8 18 11 19 0 
1 8 18 11 19 0 12 
1 8 18 11 19 0 12 9 
1 8 18 11 19 0 12 9 6 
1 8 18 11 19 0 12 9 6 2 
1 8 18 11 19 0 12 9 6 2 20 
1 8 18 11 19 0 12 9 6 2 20 15 
1 8 18 11 19 0 12 9 6 2 20 5 
1 8 18 11 19 0 12 9 6 2 20 5 16 
1 8 18 11 19 0 12 9 6 2 20 5 16 4 
1 8 18 11 19 0 12 9 6 2 20 5 16 3 
1 8 18 11 19 0 12 9 6 2 20 5 16 3 17 
1 8 18 11 19 0 12 9 6 2 20 5 16 3 14 
1 8 18 11 19 0 12 9 6 2 20 5 16 3 14 7 
1 8 18 11 19 0 12 9 6 2 20 5 16 3 14 7 10 
1 8 18 11 19 0 12 9 6 2 20 5 16 3 14 7 10 13 
1 8 18 11 19 0 12 9 6 2 20 5 4 
1 8 18 11 19 0 12 9 6 2 20 5 4 16 
1 8 18 11 19 0 12 9 6 2 20 5 4 16 3 
1 8 18 11 19 0 12 9 6 2 20 5 4 16 3 17 
1 8 18 11 19 0 12 9 6 2 20 5 4 16 3 14 
1 8 18 11 19 0 12 9 6 2 20 5 4 16 3 14 7 
1 8 18 11 19 0 12 9 6 2 20 5 4 16 3 14 7 10 
1 8 18 11 19 0 12 9 6 2 20 5 4 16 3 14 7 10 13 
1 8 18 11 19 0 12 9 6 2 5 
1 8 18 11 19 0 12 9 6 2 5 16 
1 8 18 11 19 0 12 9 6 2 5 16 4 
1 8 18 11 19 0 12 9 6 2 5 16 3 
1 8 18 11 19 0 12 9 6 2 5 16 3 17 
1 8 18 11 19 0 12 9 6 2 5 16 3 14 
1 8 18 11 19 0 12 9 6 2 5 16 3 14 7 
1 8 18 11 19 0 12 9 6 2 5 16 3 14 7 10 
1 8 18 11 19 0 12 9 6 2 5 16 3 14 7 10 13 
1 8 18 11 19 0 12 9 6 2 5 20 
1 8 18 11 19 0 12 9 6 2 5 20 15 
1 8 18 11 19 0 12 9 6 2 5 4 
1 8 18 11 19 0 12 9 6 2 5 4 16 
1 8 18 11 19 0 12 9 6 2 5 4 16 3 
1 8 18 11 19 0 12 9 6 2 5 4 16 3 17 
1 8 18 11 19 0 12 9 6 2 5 4 16 3 14 
1 8 18 11 19 0 12 9 6 2 5 4 16 3 14 7 
1 8 18 11 19 0 12 9 6 2 5 4 16 3 14 7 10 
1 8 18 11 19 0 12 9 6 2 5 4 16 3 14 7 10 13 
1 8 18 11 19 0 12 9 6 2 4 
1 8 18 11 19 0 12 9 6 2 4 16 
1 8 18 11 19 0 12 9 6 2 4 16 5 
1 8 18 11 19 0 12 9 6 2 4 16 5 20 
1 8 18 11 19 0 12 9 6 2 4 16 5 20 15 
1 8 18 11 19 0 12 9 6 2 4 16 3 
1 8 18 11 19 0 12 9 6 2 4 16 3 17 
1 8 18 11 19 0 12 9 6 2 4 16 3 14 
1 8 18 11 19 0 12 9 6 2 4 16 3 14 7 
1 8 18 11 19 0 12 9 6 2 4 16 3 14 7 10 
1 8 18 11 19 0 12 9 6 2 4 16 3 14 7 10 13 
1 8 18 11 19 0 12 9 6 2 4 5 
1 8 18 11 19 0 12 9 6 2 4 5 16 
1 8 18 11 19 0 12 9 6 2 4 5 16 3 
1 8 18 11 19 0 12 9 6 2 4 5 16 3 17 
1 8 18 11 19 0 12 9 6 2 4 5 16 3 14 
1 8 18 11 19 0 12 9 6 2 4 5 16 3 14 7 
1 8 18 11 19 0 12 9 6 2 4 5 16 3 14 7 10 
1 8 18 11 19 0 12 9 6 2 4 5 16 3 14 7 10 13 
1 8 18 11 19 0 12 9 6 2 4 5 20 
1 8 18 11 19 0 12 9 6 2 4 5 20 15 
1 8 18 11 19 0 12 9 6 15 
1 8 18 11 19 0 12 9 6 15 20 
1 8 18 11 19 0 12 9 6 15 20 2 
1 8 18 11 19 0 12 9 6 15 20 2 5 
1 8 18 11 19 0 12 9 6 15 20 2 5 16 
1 8 18 11 19 0 12 9 6 15 20 2 5 16 4 
1 8 18 11 19 0 12 9 6 15 20 2 5 16 3 
1 8 18 11 19 0 12 9 6 15 20 2 5 16 3 17 
1 8 18 11 19 0 12 9 6 15 20 2 5 16 3 14 
1 8 18 11 19 0 12 9 6 15 20 2 5 16 3 14 7 
1 8 18 11 19 0 12 9 6 15 20 2 5 16 3 14 7 10 
1 8 18 11 19 0 12 9 6 15 20 2 5 16 3 14 7 10 13 
1 8 18 11 19 0 12 9 6 15 20 2 5 4 
1 8 18 11 19 0 12 9 6 15 20 2 5 4 16 
1 8 18 11 19 0 12 9 6 15 20 2 5 4 16 3 
1 8 18 11 19 0 12 9 6 15 20 2 5 4 16 3 17 
1 8 18 11 19 0 12 9 6 15 20 2 5 4 16 3 14 
1 8 18 11 19 0 12 9 6 15 20 2 5 4 16 3 14 7 
1 8 18 11 19 0 12 9 6 15 20 2 5 4 16 3 14 7 10 
1 8 18 11 19 0 12 9 6 15 20 2 5 4 16 3 14 7 10 13 
1 8 18 11 19 0 12 9 6 15 20 2 4 
1 8 18 11 19 0 12 9 6 15 20 2 4 16 
1 8 18 11 19 0 12 9 6 15 20 2 4 16 5 
1 8 18 11 19 0 12 9 6 15 20 2 4 16 3 
1 8 18 11 19 0 12 9 6 15 20 2 4 16 3 17 
1 8 18 11 19 0 12 9 6 15 20 2 4 16 3 14 
1 8 18 11 19 0 12 9 6 15 20 2 4 16 3 14 7 
1 8 18 11 19 0 12 9 6 15 20 2 4 16 3 14 7 10 
1 8 18 11 19 0 12 9 6 15 20 2 4 16 3 14 7 10 13 
1 8 18 11 19 0 12 9 6 15 20 2 4 5 
1 8 18 11 19 0 12 9 6 15 20 2 4 5 16 
1 8 18 11 19 0 12 9 6 15 20 2 4 5 16 3 
1 8 18 11 19 0 12 9 6 15 20 2 4 5 16 3 17 
1 8 18 11 19 0 12 9 6 15 20 2 4 5 16 3 14 
1 8 18 11 19 0 12 9 6 15 20 2 4 5 16 3 14 7 
1 8 18 11 19 0 12 9 6 15 20 2 4 5 16 3 14 7 10 
1 8 18 11 19 0 12 9 6 15 20 2 4 5 16 3 14 7 10 13 
1 8 18 11 19 0 12 9 6 15 20 5 
1 8 18 11 19 0 12 9 6 15 20 5 2 
1 8 18 11 19 0 12 9 6 15 20 5 2 4 
1 8 18 11 19 0 12 9 6 15 20 5 2 4 16 
1 8 18 11 19 0 12 9 6 15 20 5 2 4 16 3 
1 8 18 11 19 0 12 9 6 15 20 5 2 4 16 3 17 
1 8 18 11 19 0 12 9 6 15 20 5 2 4 16 3 14 
1 8 18 11 19 0 12 9 6 15 20 5 2 4 16 3 14 7 
1 8 18 11 19 0 12 9 6 15 20 5 2 4 16 3 14 7 10 
1 8 18 11 19 0 12 9 6 15 20 5 2 4 16 3 14 7 10 13 
1 8 18 11 19 0 12 9 6 15 20 5 16 
1 8 18 11 19 0 12 9 6 15 20 5 16 4 
1 8 18 11 19 0 12 9 6 15 20 5 16 4 2 
1 8 18 11 19 0 12 9 6 15 20 5 16 3 
1 8 18 11 19 0 12 9 6 15 20 5 16 3 17 
1 8 18 11 19 0 12 9 6 15 20 5 16 3 14 
1 8 18 11 19 0 12 9 6 15 20 5 16 3 14 7 
1 8 18 11 19 0 12 9 6 15 20 5 16 3 14 7 10 
1 8 18 11 19 0 12 9 6 15 20 5 16 3 14 7 10 13 
1 8 18 11 19 0 12 9 6 15 20 5 4 
1 8 18 11 19 0 12 9 6 15 20 5 4 2 
1 8 18 11 19 0 12 9 6 15 20 5 4 16 
1 8 18 11 19 0 12 9 6 15 20 5 4 16 3 
1 8 18 11 19 0 12 9 6 15 20 5 4 16 3 17 
1 8 18 11 19 0 12 9 6 15 20 5 4 16 3 14 
1 8 18 11 19 0 12 9 6 15 20 5 4 16 3 14 7 
1 8 18 11 19 0 12 9 6 15 20 5 4 16 3 14 7 10 
1 8 18 11 19 0 12 9 6 15 20 5 4 16 3 14 7 10 13 
1 8 18 11 14 
1 8 18 11 14 3 
1 8 18 11 14 3 17 
1 8 18 11 14 3 16 
1 8 18 11 14 3 16 4 
1 8 18 11 14 3 16 4 2 
1 8 18 11 14 3 16 4 2 20 
1 8 18 11 14 3 16 4 2 20 15 
1 8 18 11 14 3 16 4 2 20 15 6 
1 8 18 11 14 3 16 4 2 20 15 6 9 
1 8 18 11 14 3 16 4 2 20 15 6 9 12 
1 8 18 11 14 3 16 4 2 20 15 6 9 12 19 
1 8 18 11 14 3 16 4 2 20 15 6 9 12 19 0 
1 8 18 11 14 3 16 4 2 20 15 6 9 12 0 
1 8 18 11 14 3 16 4 2 20 15 6 9 12 0 19 
1 8 18 11 14 3 16 4 2 20 5 
1 8 18 11 14 3 16 4 2 6 
1 8 18 11 14 3 16 4 2 6 9 
1 8 18 11 14 3 16 4 2 6 9 12 
1 8 18 11 14 3 16 4 2 6 9 12 19 
1 8 18 11 14 3 16 4 2 6 9 12 19 0 
1 8 18 11 14 3 16 4 2 6 9 12 0 
1 8 18 11 14 3 16 4 2 6 9 12 0 19 
1 8 18 11 14 3 16 4 2 6 15 
1 8 18 11 14 3 16 4 2 6 15 20 
1 8 18 11 14 3 16 4 2 6 15 20 5 
1 8 18 11 14 3 16 4 2 5 
1 8 18 11 14 3 16 4 2 5 20 
1 8 18 11 14 3 16 4 2 5 20 15 
1 8 18 11 14 3 16 4 2 5 20 15 6 
1 8 18 11 14 3 16 4 2 5 20 15 6 9 
1 8 18 11 14 3 16 4 2 5 20 15 6 9 12 
1 8 18 11 14 3 16 4 2 5 20 15 6 9 12 19 
1 8 18 11 14 3 16 4 2 5 20 15 6 9 12 19 0 
1 8 18 11 14 3 16 4 2 5 20 15 6 9 12 0 
1 8 18 11 14 3 16 4 2 5 20 15 6 9 12 0 19 
1 8 18 11 14 3 16 4 5 
1 8 18 11 14 3 16 4 5 2 
1 8 18 11 14 3 16 4 5 2 20 
1 8 18 11 14 3 16 4 5 2 20 15 
1 8 18 11 14 3 16 4 5 2 20 15 6 
1 8 18 11 14 3 16 4 5 2 20 15 6 9 
1 8 18 11 14 3 16 4 5 2 20 15 6 9 12 
1 8 18 11 14 3 16 4 5 2 20 15 6 9 12 19 
1 8 18 11 14 3 16 4 5 2 20 15 6 9 12 19 0 
1 8 18 11 14 3 16 4 5 2 20 15 6 9 12 0 
1 8 18 11 14 3 16 4 5 2 20 15 6 9 12 0 19 
1 8 18 11 14 3 16 4 5 2 6 
1 8 18 11 14 3 16 4 5 2 6 9 
1 8 18 11 14 3 16 4 5 2 6 9 12 
1 8 18 11 14 3 16 4 5 2 6 9 12 19 
1 8 18 11 14 3 16 4 5 2 6 9 12 19 0 
1 8 18 11 14 3 16 4 5 2 6 9 12 0 
1 8 18 11 14 3 16 4 5 2 6 9 12 0 19 
1 8 18 11 14 3 16 4 5 2 6 15 
1 8 18 11 14 3 16 4 5 2 6 15 20 
1 8 18 11 14 3 16 4 5 20 
1 8 18 11 14 3 16 4 5 20 15 
1 8 18 11 14 3 16 4 5 20 15 6 
1 8 18 11 14 3 16 4 5 20 15 6 2 
1 8 18 11 14 3 16 4 5 20 15 6 9 
1 8 18 11 14 3 16 4 5 20 15 6 9 12 
1 8 18 11 14 3 16 4 5 20 15 6 9 12 19 
1 8 18 11 14 3 16 4 5 20 15 6 9 12 19 0 
1 8 18 11 14 3 16 4 5 20 15 6 9 12 0 
1 8 18 11 14 3 16 4 5 20 15 6 9 12 0 19 
1 8 18 11 14 3 16 4 5 20 2 
1 8 18 11 14 3 16 4 5 20 2 6 
1 8 18 11 14 3 16 4 5 20 2 6 9 
1 8 18 11 14 3 16 4 5 20 2 6 9 12 
1 8 18 11 14 3 16 4 5 20 2 6 9 12 19 
1 8 18 11 14 3 16 4 5 20 2 6 9 12 19 0 
1 8 18 11 14 3 16 4 5 20 2 6 9 12 0 
1 8 18 11 14 3 16 4 5 20 2 6 9 12 0 19 
1 8 18 11 14 3 16 4 5 20 2 6 15 
1 8 18 11 14 3 16 5 
1 8 18 11 14 3 16 5 2 
1 8 18 11 14 3 16 5 2 20 
1 8 18 11 14 3 16 5 2 20 15 
1 8 18 11 14 3 16 5 2 20 15 6 
1 8 18 11 14 3 16 5 2 20 15 6 9 
1 8 18 11 14 3 16 5 2 20 15 6 9 12 
1 8 18 11 14 3 16 5 2 20 15 6 9 12 19 
1 8 18 11 14 3 16 5 2 20 15 6 9 12 19 0 
1 8 18 11 14 3 16 5 2 20 15 6 9 12 0 
1 8 18 11 14 3 16 5 2 20 15 6 9 12 0 19 
1 8 18 11 14 3 16 5 2 6 
1 8 18 11 14 3 16 5 2 6 9 
1 8 18 11 14 3 16 5 2 6 9 12 
1 8 18 11 14 3 16 5 2 6 9 12 19 
1 8 18 11 14 3 16 5 2 6 9 12 19 0 
1 8 18 11 14 3 16 5 2 6 9 12 0 
1 8 18 11 14 3 16 5 2 6 9 12 0 19 
1 8 18 11 14 3 16 5 2 6 15 
1 8 18 11 14 3 16 5 2 6 15 20 
1 8 18 11 14 3 16 5 2 4 
1 8 18 11 14 3 16 5 20 
1 8 18 11 14 3 16 5 20 15 
1 8 18 11 14 3 16 5 20 15 6 
1 8 18 11 14 3 16 5 20 15 6 2 
1 8 18 11 14 3 16 5 20 15 6 2 4 
1 8 18 11 14 3 16 5 20 15 6 9 
1 8 18 11 14 3 16 5 20 15 6 9 12 
1 8 18 11 14 3 16 5 20 15 6 9 12 19 
1 8 18 11 14 3 16 5 20 15 6 9 12 19 0 
1 8 18 11 14 3 16 5 20 15 6 9 12 0 
1 8 18 11 14 3 16 5 20 15 6 9 12 0 19 
1 8 18 11 14 3 16 5 20 2 
1 8 18 11 14 3 16 5 20 2 6 
1 8 18 11 14 3 16 5 20 2 6 9 
1 8 18 11 14 3 16 5 20 2 6 9 12 
1 8 18 11 14 3 16 5 20 2 6 9 12 19 
1 8 18 11 14 3 16 5 20 2 6 9 12 19 0 
1 8 18 11 14 3 16 5 20 2 6 9 12 0 
1 8 18 11 14 3 16 5 20 2 6 9 12 0 19 
1 8 18 11 14 3 16 5 20 2 6 15 
1 8 18 11 14 3 16 5 20 2 4 
1 8 18 11 14 3 16 5 4 
1 8 18 11 14 3 16 5 4 2 
1 8 18 11 14 3 16 5 4 2 20 
1 8 18 11 14 3 16 5 4 2 20 15 
1 8 18 11 14 3 16 5 4 2 20 15 6 
1 8 18 11 14 3 16 5 4 2 20 15 6 9 
1 8 18 11 14 3 16 5 4 2 20 15 6 9 12 
1 8 18 11 14 3 16 5 4 2 20 15 6 9 12 19 
1 8 18 11 14 3 16 5 4 2 20 15 6 9 12 19 0 
1 8 18 11 14 3 16 5 4 2 20 15 6 9 12 0 
1 8 18 11 14 3 16 5 4 2 20 15 6 9 12 0 19 
1 8 18 11 14 3 16 5 4 2 6 
1 8 18 11 14 3 16 5 4 2 6 9 
1 8 18 11 14 3 16 5 4 2 6 9 12 
1 8 18 11 14 3 16 5 4 2 6 9 12 19 
1 8 18 11 14 3 16 5 4 2 6 9 12 19 0 
1 8 18 11 14 3 16 5 4 2 6 9 12 0 
1 8 18 11 14 3 16 5 4 2 6 9 12 0 19 
1 8 18 11 14 3 16 5 4 2 6 15 
1 8 18 11 14 3 16 5 4 2 6 15 20 
1 8 18 11 14 7 
1 8 18 11 14 7 10 
1 8 18 11 14 7 10 13 
1 8 18 17 
1 8 18 17 3 
1 8 18 17 3 14 
1 8 18 17 3 14 7 
1 8 18 17 3 14 7 10 
1 8 18 17 3 14 7 10 13 
1 8 18 17 3 14 11 
1 8 18 17 3 14 11 19 
1 8 18 17 3 14 11 19 12 
1 8 18 17 3 14 11 19 12 9 
1 8 18 17 3 14 11 19 12 9 6 
1 8 18 17 3 14 11 19 12 9 6 2 
1 8 18 17 3 14 11 19 12 9 6 2 20 
1 8 18 17 3 14 11 19 12 9 6 2 20 15 
1 8 18 17 3 14 11 19 12 9 6 2 20 5 
1 8 18 17 3 14 11 19 12 9 6 2 20 5 16 
1 8 18 17 3 14 11 19 12 9 6 2 20 5 16 4 
1 8 18 17 3 14 11 19 12 9 6 2 20 5 4 
1 8 18 17 3 14 11 19 12 9 6 2 20 5 4 16 
1 8 18 17 3 14 11 19 12 9 6 2 5 
1 8 18 17 3 14 11 19 12 9 6 2 5 16 
1 8 18 17 3 14 11 19 12 9 6 2 5 16 4 
1 8 18 17 3 14 11 19 12 9 6 2 5 20 
1 8 18 17 3 14 11 19 12 9 6 2 5 20 15 
1 8 18 17 3 14 11 19 12 9 6 2 5 4 
1 8 18 17 3 14 11 19 12 9 6 2 5 4 16 
1 8 18 17 3 14 11 19 12 9 6 2 4 
1 8 18 17 3 14 11 19 12 9 6 2 4 16 
1 8 18 17 3 14 11 19 12 9 6 2 4 16 5 
1 8 18 17 3 14 11 19 12 9 6 2 4 16 5 20 
1 8 18 17 3 14 11 19 12 9 6 2 4 16 5 20 15 
1 8 18 17 3 14 11 19 12 9 6 2 4 5 
1 8 18 17 3 14 11 19 12 9 6 2 4 5 16 
1 8 18 17 3 14 11 19 12 9 6 2 4 5 20 
1 8 18 17 3 14 11 19 12 9 6 2 4 5 20 15 
1 8 18 17 3 14 11 19 12 9 6 15 
1 8 18 17 3 14 11 19 12 9 6 15 20 
1 8 18 17 3 14 11 19 12 9 6 15 20 2 
1 8 18 17 3 14 11 19 12 9 6 15 20 2 5 
1 8 18 17 3 14 11 19 12 9 6 15 20 2 5 16 
1 8 18 17 3 14 11 19 12 9 6 15 20 2 5 16 4 
1 8 18 17 3 14 11 19 12 9 6 15 20 2 5 4 
1 8 18 17 3 14 11 19 12 9 6 15 20 2 5 4 16 
1 8 18 17 3 14 11 19 12 9 6 15 20 2 4 
1 8 18 17 3 14 11 19 12 9 6 15 20 2 4 16 
1 8 18 17 3 14 11 19 12 9 6 15 20 2 4 16 5 
1 8 18 17 3 14 11 19 12 9 6 15 20 2 4 5 
1 8 18 17 3 14 11 19 12 9 6 15 20 2 4 5 16 
1 8 18 17 3 14 11 19 12 9 6 15 20 5 
1 8 18 17 3 14 11 19 12 9 6 15 20 5 2 
1 8 18 17 3 14 11 19 12 9 6 15 20 5 2 4 
1 8 18 17 3 14 11 19 12 9 6 15 20 5 2 4 16 
1 8 18 17 3 14 11 19 12 9 6 15 20 5 16 
1 8 18 17 3 14 11 19 12 9 6 15 20 5 16 4 
1 8 18 17 3 14 11 19 12 9 6 15 20 5 16 4 2 
1 8 18 17 3 14 11 19 12 9 6 15 20 5 4 
1 8 18 17 3 14 11 19 12 9 6 15 20 5 4 2 
1 8 18 17 3 14 11 19 12 9 6 15 20 5 4 16 
1 8 18 17 3 14 11 19 12 0 
1 8 18 17 3 14 11 19 0 
1 8 18 17 3 14 11 19 0 12 
1 8 18 17 3 14 11 19 0 12 9 
1 8 18 17 3 14 11 19 0 12 9 6 
1 8 18 17 3 14 11 19 0 12 9 6 2 
1 8 18 17 3 14 11 19 0 12 9 6 2 20 
1 8 18 17 3 14 11 19 0 12 9 6 2 20 15 
1 8 18 17 3 14 11 19 0 12 9 6 2 20 5 
1 8 18 17 3 14 11 19 0 12 9 6 2 20 5 16 
1 8 18 17 3 14 11 19 0 12 9 6 2 20 5 16 4 
1 8 18 17 3 14 11 19 0 12 9 6 2 20 5 4 
1 8 18 17 3 14 11 19 0 12 9 6 2 20 5 4 16 
1 8 18 17 3 14 11 19 0 12 9 6 2 5 
1 8 18 17 3 14 11 19 0 12 9 6 2 5 16 
1 8 18 17 3 14 11 19 0 12 9 6 2 5 16 4 
1 8 18 17 3 14 11 19 0 12 9 6 2 5 20 
1 8 18 17 3 14 11 19 0 12 9 6 2 5 20 15 
1 8 18 17 3 14 11 19 0 12 9 6 2 5 4 
1 8 18 17 3 14 11 19 0 12 9 6 2 5 4 16 
1 8 18 17 3 14 11 19 0 12 9 6 2 4 
1 8 18 17 3 14 11 19 0 12 9 6 2 4 16 
1 8 18 17 3 14 11 19 0 12 9 6 2 4 16 5 
1 8 18 17 3 14 11 19 0 12 9 6 2 4 16 5 20 
1 8 18 17 3 14 11 19 0 12 9 6 2 4 16 5 20 15 
1 8 18 17 3 14 11 19 0 12 9 6 2 4 5 
1 8 18 17 3 14 11 19 0 12 9 6 2 4 5 16 
1 8 18 17 3 14 11 19 0 12 9 6 2 4 5 20 
1 8 18 17 3 14 11 19 0 12 9 6 2 4 5 20 15 
1 8 18 17 3 14 11 19 0 12 9 6 15 
1 8 18 17 3 14 11 19 0 12 9 6 15 20 
1 8 18 17 3 14 11 19 0 12 9 6 15 20 2 
1 8 18 17 3 14 11 19 0 12 9 6 15 20 2 5 
1 8 18 17 3 14 11 19 0 12 9 6 15 20 2 5 16 
1 8 18 17 3 14 11 19 0 12 9 6 15 20 2 5 16 4 
1 8 18 17 3 14 11 19 0 12 9 6 15 20 2 5 4 
1 8 18 17 3 14 11 19 0 12 9 6 15 20 2 5 4 16 
1 8 18 17 3 14 11 19 0 12 9 6 15 20 2 4 
1 8 18 17 3 14 11 19 0 12 9 6 15 20 2 4 16 
1 8 18 17 3 14 11 19 0 12 9 6 15 20 2 4 16 5 
1 8 18 17 3 14 11 19 0 12 9 6 15 20 2 4 5 
1 8 18 17 3 14 11 19 0 12 9 6 15 20 2 4 5 16 
1 8 18 17 3 14 11 19 0 12 9 6 15 20 5 
1 8 18 17 3 14 11 19 0 12 9 6 15 20 5 2 
1 8 18 17 3 14 11 19 0 12 9 6 15 20 5 2 4 
1 8 18 17 3 14 11 19 0 12 9 6 15 20 5 2 4 16 
1 8 18 17 3 14 11 19 0 12 9 6 15 20 5 16 
1 8 18 17 3 14 11 19 0 12 9 6 15 20 5 16 4 
1 8 18 17 3 14 11 19 0 12 9 6 15 20 5 16 4 2 
1 8 18 17 3 14 11 19 0 12 9 6 15 20 5 4 
1 8 18 17 3 14 11 19 0 12 9 6 15 20 5 4 2 
1 8 18 17 3 14 11 19 0 12 9 6 15 20 5 4 16 
1 8 18 17 3 16 
1 8 18 17 3 16 4 
1 8 18 17 3 16 4 2 
1 8 18 17 3 16 4 2 20 
1 8 18 17 3 16 4 2 20 15 
1 8 18 17 3 16 4 2 20 15 6 
1 8 18 17 3 16 4 2 20 15 6 9 
1 8 18 17 3 16 4 2 20 15 6 9 12 
1 8 18 17 3 16 4 2 20 15 6 9 12 19 
1 8 18 17 3 16 4 2 20 15 6 9 12 19 11 
1 8 18 17 3 16 4 2 20 15 6 9 12 19 11 14 
1 8 18 17 3 16 4 2 20 15 6 9 12 19 11 14 7 
1 8 18 17 3 16 4 2 20 15 6 9 12 19 11 14 7 10 
1 8 18 17 3 16 4 2 20 15 6 9 12 19 11 14 7 10 13 
1 8 18 17 3 16 4 2 20 15 6 9 12 19 0 
1 8 18 17 3 16 4 2 20 15 6 9 12 0 
1 8 18 17 3 16 4 2 20 15 6 9 12 0 19 
1 8 18 17 3 16 4 2 20 15 6 9 12 0 19 11 
1 8 18 17 3 16 4 2 20 15 6 9 12 0 19 11 14 
1 8 18 17 3 16 4 2 20 15 6 9 12 0 19 11 14 7 
1 8 18 17 3 16 4 2 20 15 6 9 12 0 19 11 14 7 10 
1 8 18 17 3 16 4 2 20 15 6 9 12 0 19 11 14 7 10 13 
1 8 18 17 3 16 4 2 20 5 
1 8 18 17 3 16 4 2 6 
1 8 18 17 3 16 4 2 6 9 
1 8 18 17 3 16 4 2 6 9 12 
1 8 18 17 3 16 4 2 6 9 12 19 
1 8 18 17 3 16 4 2 6 9 12 19 11 
1 8 18 17 3 16 4 2 6 9 12 19 11 14 
1 8 18 17 3 16 4 2 6 9 12 19 11 14 7 
1 8 18 17 3 16 4 2 6 9 12 19 11 14 7 10 
1 8 18 17 3 16 4 2 6 9 12 19 11 14 7 10 13 
1 8 18 17 3 16 4 2 6 9 12 19 0 
1 8 18 17 3 16 4 2 6 9 12 0 
1 8 18 17 3 16 4 2 6 9 12 0 19 
1 8 18 17 3 16 4 2 6 9 12 0 19 11 
1 8 18 17 3 16 4 2 6 9 12 0 19 11 14 
1 8 18 17 3 16 4 2 6 9 12 0 19 11 14 7 
1 8 18 17 3 16 4 2 6 9 12 0 19 11 14 7 10 
1 8 18 17 3 16 4 2 6 9 12 0 19 11 14 7 10 13 
1 8 18 17 3 16 4 2 6 15 
1 8 18 17 3 16 4 2 6 15 20 
1 8 18 17 3 16 4 2 6 15 20 5 
1 8 18 17 3 16 4 2 5 
1 8 18 17 3 16 4 2 5 20 
1 8 18 17 3 16 4 2 5 20 15 
1 8 18 17 3 16 4 2 5 20 15 6 
1 8 18 17 3 16 4 2 5 20 15 6 9 
1 8 18 17 3 16 4 2 5 20 15 6 9 12 
1 8 18 17 3 16 4 2 5 20 15 6 9 12 19 
1 8 18 17 3 16 4 2 5 20 15 6 9 12 19 11 
1 8 18 17 3 16 4 2 5 20 15 6 9 12 19 11 14 
1 8 18 17 3 16 4 2 5 20 15 6 9 12 19 11 14 7 
1 8 18 17 3 16 4 2 5 20 15 6 9 12 19 11 14 7 10 
1 8 18 17 3 16 4 2 5 20 15 6 9 12 19 11 14 7 10 13 
1 8 18 17 3 16 4 2 5 20 15 6 9 12 19 0 
1 8 18 17 3 16 4 2 5 20 15 6 9 12 0 
1 8 18 17 3 16 4 2 5 20 15 6 9 12 0 19 
1 8 18 17 3 16 4 2 5 20 15 6 9 12 0 19 11 
1 8 18 17 3 16 4 2 5 20 15 6 9 12 0 19 11 14 
1 8 18 17 3 16 4 2 5 20 15 6 9 12 0 19 11 14 7 
1 8 18 17 3 16 4 2 5 20 15 6 9 12 0 19 11 14 7 10 
1 8 18 17 3 16 4 2 5 20 15 6 9 12 0 19 11 14 7 10 13 
Znaleziono droge komiwojazera startujaca w wierzcholku 1 :
1 8 18 17 3 16 4 2 5 20 15 6 9 12 0 19 11 14 7 10 13 
